This is pdfTeX, Version 3.141592653-2.6-1.40.24 (MiKTeX 22.1) (preloaded format=pdflatex 2023.4.26)  17 JUL 2023 11:11
entering extended mode
 restricted \write18 enabled.
 file:line:error style messages enabled.
 %&-line parsing enabled.
**/Users/Alain/projects/foodweb_analysis/robustness_analysis/robustness_analysi
s_report/robustness_analysis_report.tex

(/Users/Alain/projects/foodweb_analysis/robustness_analysis/robustness_analysis
_report/robustness_analysis_report.tex
LaTeX2e <2022-11-01> patch level 1
L3 programming layer <2023-03-30>
(/Users/Alain/Library/Application Support/MiKTeX/texmfs/install/tex/latex/base/
report.cls
Document Class: report 2022/07/02 v1.4n Standard LaTeX document class

(/Users/Alain/Library/Application Support/MiKTeX/texmfs/install/tex/latex/base/
size12.clo
File: size12.clo 2022/07/02 v1.4n Standard LaTeX file (size option)
)
\c@part=\count185
\c@chapter=\count186
\c@section=\count187
\c@subsection=\count188
\c@subsubsection=\count189
\c@paragraph=\count190
\c@subparagraph=\count191
\c@figure=\count192
\c@table=\count193
\abovecaptionskip=\skip48
\belowcaptionskip=\skip49
\bibindent=\dimen140
)
(/Users/Alain/Library/Application Support/MiKTeX/texmfs/install/tex/latex/base/
inputenc.sty
Package: inputenc 2021/02/14 v1.3d Input encoding file
\inpenc@prehook=\toks16
\inpenc@posthook=\toks17
)
(/Users/Alain/Library/Application Support/MiKTeX/texmfs/install/tex/latex/upquo
te/upquote.sty
Package: upquote 2012/04/19 v1.3 upright-quote and grave-accent glyphs in verba
tim
)
(/Users/Alain/Library/Application Support/MiKTeX/texmfs/install/tex/latex/pgf/f
rontendlayer/tikz.sty
(/Users/Alain/Library/Application Support/MiKTeX/texmfs/install/tex/latex/pgf/b
asiclayer/pgf.sty
(/Users/Alain/Library/Application Support/MiKTeX/texmfs/install/tex/latex/pgf/u
tilities/pgfrcs.sty
(/Users/Alain/Library/Application Support/MiKTeX/texmfs/install/tex/generic/pgf
/utilities/pgfutil-common.tex
\pgfutil@everybye=\toks18
\pgfutil@tempdima=\dimen141
\pgfutil@tempdimb=\dimen142
)
(/Users/Alain/Library/Application Support/MiKTeX/texmfs/install/tex/generic/pgf
/utilities/pgfutil-latex.def
\pgfutil@abb=\box51
)
(/Users/Alain/Library/Application Support/MiKTeX/texmfs/install/tex/generic/pgf
/utilities/pgfrcs.code.tex
(/Users/Alain/Library/Application Support/MiKTeX/texmfs/install/tex/generic/pgf
/pgf.revision.tex)
Package: pgfrcs 2023-01-15 v3.1.10 (3.1.10)
))
Package: pgf 2023-01-15 v3.1.10 (3.1.10)

(/Users/Alain/Library/Application Support/MiKTeX/texmfs/install/tex/latex/pgf/b
asiclayer/pgfcore.sty
(/Users/Alain/Library/Application Support/MiKTeX/texmfs/install/tex/latex/graph
ics/graphicx.sty
Package: graphicx 2021/09/16 v1.2d Enhanced LaTeX Graphics (DPC,SPQR)

(/Users/Alain/Library/Application Support/MiKTeX/texmfs/install/tex/latex/graph
ics/keyval.sty
Package: keyval 2022/05/29 v1.15 key=value parser (DPC)
\KV@toks@=\toks19
)
(/Users/Alain/Library/Application Support/MiKTeX/texmfs/install/tex/latex/graph
ics/graphics.sty
Package: graphics 2022/03/10 v1.4e Standard LaTeX Graphics (DPC,SPQR)

(/Users/Alain/Library/Application Support/MiKTeX/texmfs/install/tex/latex/graph
ics/trig.sty
Package: trig 2021/08/11 v1.11 sin cos tan (DPC)
)
(/Users/Alain/Library/Application Support/MiKTeX/texmfs/install/tex/latex/graph
ics-cfg/graphics.cfg
File: graphics.cfg 2016/06/04 v1.11 sample graphics configuration
)
Package graphics Info: Driver file: pdftex.def on input line 107.

(/Users/Alain/Library/Application Support/MiKTeX/texmfs/install/tex/latex/graph
ics-def/pdftex.def
File: pdftex.def 2022/09/22 v1.2b Graphics/color driver for pdftex
))
\Gin@req@height=\dimen143
\Gin@req@width=\dimen144
)
(/Users/Alain/Library/Application Support/MiKTeX/texmfs/install/tex/latex/pgf/s
ystemlayer/pgfsys.sty
(/Users/Alain/Library/Application Support/MiKTeX/texmfs/install/tex/generic/pgf
/systemlayer/pgfsys.code.tex
Package: pgfsys 2023-01-15 v3.1.10 (3.1.10)

(/Users/Alain/Library/Application Support/MiKTeX/texmfs/install/tex/generic/pgf
/utilities/pgfkeys.code.tex
\pgfkeys@pathtoks=\toks20
\pgfkeys@temptoks=\toks21

(/Users/Alain/Library/Application Support/MiKTeX/texmfs/install/tex/generic/pgf
/utilities/pgfkeyslibraryfiltered.code.tex
\pgfkeys@tmptoks=\toks22
))
\pgf@x=\dimen145
\pgf@y=\dimen146
\pgf@xa=\dimen147
\pgf@ya=\dimen148
\pgf@xb=\dimen149
\pgf@yb=\dimen150
\pgf@xc=\dimen151
\pgf@yc=\dimen152
\pgf@xd=\dimen153
\pgf@yd=\dimen154
\w@pgf@writea=\write3
\r@pgf@reada=\read2
\c@pgf@counta=\count194
\c@pgf@countb=\count195
\c@pgf@countc=\count196
\c@pgf@countd=\count197
\t@pgf@toka=\toks23
\t@pgf@tokb=\toks24
\t@pgf@tokc=\toks25
\pgf@sys@id@count=\count198

(/Users/Alain/Library/Application Support/MiKTeX/texmfs/install/tex/generic/pgf
/systemlayer/pgf.cfg
File: pgf.cfg 2023-01-15 v3.1.10 (3.1.10)
)
Driver file for pgf: pgfsys-pdftex.def

(/Users/Alain/Library/Application Support/MiKTeX/texmfs/install/tex/generic/pgf
/systemlayer/pgfsys-pdftex.def
File: pgfsys-pdftex.def 2023-01-15 v3.1.10 (3.1.10)

(/Users/Alain/Library/Application Support/MiKTeX/texmfs/install/tex/generic/pgf
/systemlayer/pgfsys-common-pdf.def
File: pgfsys-common-pdf.def 2023-01-15 v3.1.10 (3.1.10)
)))
(/Users/Alain/Library/Application Support/MiKTeX/texmfs/install/tex/generic/pgf
/systemlayer/pgfsyssoftpath.code.tex
File: pgfsyssoftpath.code.tex 2023-01-15 v3.1.10 (3.1.10)
\pgfsyssoftpath@smallbuffer@items=\count199
\pgfsyssoftpath@bigbuffer@items=\count266
)
(/Users/Alain/Library/Application Support/MiKTeX/texmfs/install/tex/generic/pgf
/systemlayer/pgfsysprotocol.code.tex
File: pgfsysprotocol.code.tex 2023-01-15 v3.1.10 (3.1.10)
))
(/Users/Alain/Library/Application Support/MiKTeX/texmfs/install/tex/latex/xcolo
r/xcolor.sty
Package: xcolor 2022/06/12 v2.14 LaTeX color extensions (UK)

(/Users/Alain/Library/Application Support/MiKTeX/texmfs/install/tex/latex/graph
ics-cfg/color.cfg
File: color.cfg 2016/01/02 v1.6 sample color configuration
)
Package xcolor Info: Driver file: pdftex.def on input line 227.

(/Users/Alain/Library/Application Support/MiKTeX/texmfs/install/tex/latex/graph
ics/mathcolor.ltx)
Package xcolor Info: Model `cmy' substituted by `cmy0' on input line 1353.
Package xcolor Info: Model `hsb' substituted by `rgb' on input line 1357.
Package xcolor Info: Model `RGB' extended on input line 1369.
Package xcolor Info: Model `HTML' substituted by `rgb' on input line 1371.
Package xcolor Info: Model `Hsb' substituted by `hsb' on input line 1372.
Package xcolor Info: Model `tHsb' substituted by `hsb' on input line 1373.
Package xcolor Info: Model `HSB' substituted by `hsb' on input line 1374.
Package xcolor Info: Model `Gray' substituted by `gray' on input line 1375.
Package xcolor Info: Model `wave' substituted by `hsb' on input line 1376.
)
(/Users/Alain/Library/Application Support/MiKTeX/texmfs/install/tex/generic/pgf
/basiclayer/pgfcore.code.tex
Package: pgfcore 2023-01-15 v3.1.10 (3.1.10)

(/Users/Alain/Library/Application Support/MiKTeX/texmfs/install/tex/generic/pgf
/math/pgfmath.code.tex
(/Users/Alain/Library/Application Support/MiKTeX/texmfs/install/tex/generic/pgf
/math/pgfmathutil.code.tex)
(/Users/Alain/Library/Application Support/MiKTeX/texmfs/install/tex/generic/pgf
/math/pgfmathparser.code.tex
\pgfmath@dimen=\dimen155
\pgfmath@count=\count267
\pgfmath@box=\box52
\pgfmath@toks=\toks26
\pgfmath@stack@operand=\toks27
\pgfmath@stack@operation=\toks28
)
(/Users/Alain/Library/Application Support/MiKTeX/texmfs/install/tex/generic/pgf
/math/pgfmathfunctions.code.tex)
(/Users/Alain/Library/Application Support/MiKTeX/texmfs/install/tex/generic/pgf
/math/pgfmathfunctions.basic.code.tex)
(/Users/Alain/Library/Application Support/MiKTeX/texmfs/install/tex/generic/pgf
/math/pgfmathfunctions.trigonometric.code.tex)
(/Users/Alain/Library/Application Support/MiKTeX/texmfs/install/tex/generic/pgf
/math/pgfmathfunctions.random.code.tex)
(/Users/Alain/Library/Application Support/MiKTeX/texmfs/install/tex/generic/pgf
/math/pgfmathfunctions.comparison.code.tex)
(/Users/Alain/Library/Application Support/MiKTeX/texmfs/install/tex/generic/pgf
/math/pgfmathfunctions.base.code.tex)
(/Users/Alain/Library/Application Support/MiKTeX/texmfs/install/tex/generic/pgf
/math/pgfmathfunctions.round.code.tex)
(/Users/Alain/Library/Application Support/MiKTeX/texmfs/install/tex/generic/pgf
/math/pgfmathfunctions.misc.code.tex)
(/Users/Alain/Library/Application Support/MiKTeX/texmfs/install/tex/generic/pgf
/math/pgfmathfunctions.integerarithmetics.code.tex)
(/Users/Alain/Library/Application Support/MiKTeX/texmfs/install/tex/generic/pgf
/math/pgfmathcalc.code.tex)
(/Users/Alain/Library/Application Support/MiKTeX/texmfs/install/tex/generic/pgf
/math/pgfmathfloat.code.tex
\c@pgfmathroundto@lastzeros=\count268
))
(/Users/Alain/Library/Application Support/MiKTeX/texmfs/install/tex/generic/pgf
/math/pgfint.code.tex)
(/Users/Alain/Library/Application Support/MiKTeX/texmfs/install/tex/generic/pgf
/basiclayer/pgfcorepoints.code.tex
File: pgfcorepoints.code.tex 2023-01-15 v3.1.10 (3.1.10)
\pgf@picminx=\dimen156
\pgf@picmaxx=\dimen157
\pgf@picminy=\dimen158
\pgf@picmaxy=\dimen159
\pgf@pathminx=\dimen160
\pgf@pathmaxx=\dimen161
\pgf@pathminy=\dimen162
\pgf@pathmaxy=\dimen163
\pgf@xx=\dimen164
\pgf@xy=\dimen165
\pgf@yx=\dimen166
\pgf@yy=\dimen167
\pgf@zx=\dimen168
\pgf@zy=\dimen169
)
(/Users/Alain/Library/Application Support/MiKTeX/texmfs/install/tex/generic/pgf
/basiclayer/pgfcorepathconstruct.code.tex
File: pgfcorepathconstruct.code.tex 2023-01-15 v3.1.10 (3.1.10)
\pgf@path@lastx=\dimen170
\pgf@path@lasty=\dimen171
)
(/Users/Alain/Library/Application Support/MiKTeX/texmfs/install/tex/generic/pgf
/basiclayer/pgfcorepathusage.code.tex
File: pgfcorepathusage.code.tex 2023-01-15 v3.1.10 (3.1.10)
\pgf@shorten@end@additional=\dimen172
\pgf@shorten@start@additional=\dimen173
)
(/Users/Alain/Library/Application Support/MiKTeX/texmfs/install/tex/generic/pgf
/basiclayer/pgfcorescopes.code.tex
File: pgfcorescopes.code.tex 2023-01-15 v3.1.10 (3.1.10)
\pgfpic=\box53
\pgf@hbox=\box54
\pgf@layerbox@main=\box55
\pgf@picture@serial@count=\count269
)
(/Users/Alain/Library/Application Support/MiKTeX/texmfs/install/tex/generic/pgf
/basiclayer/pgfcoregraphicstate.code.tex
File: pgfcoregraphicstate.code.tex 2023-01-15 v3.1.10 (3.1.10)
\pgflinewidth=\dimen174
)
(/Users/Alain/Library/Application Support/MiKTeX/texmfs/install/tex/generic/pgf
/basiclayer/pgfcoretransformations.code.tex
File: pgfcoretransformations.code.tex 2023-01-15 v3.1.10 (3.1.10)
\pgf@pt@x=\dimen175
\pgf@pt@y=\dimen176
\pgf@pt@temp=\dimen177
)
(/Users/Alain/Library/Application Support/MiKTeX/texmfs/install/tex/generic/pgf
/basiclayer/pgfcorequick.code.tex
File: pgfcorequick.code.tex 2023-01-15 v3.1.10 (3.1.10)
)
(/Users/Alain/Library/Application Support/MiKTeX/texmfs/install/tex/generic/pgf
/basiclayer/pgfcoreobjects.code.tex
File: pgfcoreobjects.code.tex 2023-01-15 v3.1.10 (3.1.10)
)
(/Users/Alain/Library/Application Support/MiKTeX/texmfs/install/tex/generic/pgf
/basiclayer/pgfcorepathprocessing.code.tex
File: pgfcorepathprocessing.code.tex 2023-01-15 v3.1.10 (3.1.10)
)
(/Users/Alain/Library/Application Support/MiKTeX/texmfs/install/tex/generic/pgf
/basiclayer/pgfcorearrows.code.tex
File: pgfcorearrows.code.tex 2023-01-15 v3.1.10 (3.1.10)
\pgfarrowsep=\dimen178
)
(/Users/Alain/Library/Application Support/MiKTeX/texmfs/install/tex/generic/pgf
/basiclayer/pgfcoreshade.code.tex
File: pgfcoreshade.code.tex 2023-01-15 v3.1.10 (3.1.10)
\pgf@max=\dimen179
\pgf@sys@shading@range@num=\count270
\pgf@shadingcount=\count271
)
(/Users/Alain/Library/Application Support/MiKTeX/texmfs/install/tex/generic/pgf
/basiclayer/pgfcoreimage.code.tex
File: pgfcoreimage.code.tex 2023-01-15 v3.1.10 (3.1.10)
)
(/Users/Alain/Library/Application Support/MiKTeX/texmfs/install/tex/generic/pgf
/basiclayer/pgfcoreexternal.code.tex
File: pgfcoreexternal.code.tex 2023-01-15 v3.1.10 (3.1.10)
\pgfexternal@startupbox=\box56
)
(/Users/Alain/Library/Application Support/MiKTeX/texmfs/install/tex/generic/pgf
/basiclayer/pgfcorelayers.code.tex
File: pgfcorelayers.code.tex 2023-01-15 v3.1.10 (3.1.10)
)
(/Users/Alain/Library/Application Support/MiKTeX/texmfs/install/tex/generic/pgf
/basiclayer/pgfcoretransparency.code.tex
File: pgfcoretransparency.code.tex 2023-01-15 v3.1.10 (3.1.10)
)
(/Users/Alain/Library/Application Support/MiKTeX/texmfs/install/tex/generic/pgf
/basiclayer/pgfcorepatterns.code.tex
File: pgfcorepatterns.code.tex 2023-01-15 v3.1.10 (3.1.10)
)
(/Users/Alain/Library/Application Support/MiKTeX/texmfs/install/tex/generic/pgf
/basiclayer/pgfcorerdf.code.tex
File: pgfcorerdf.code.tex 2023-01-15 v3.1.10 (3.1.10)
)))
(/Users/Alain/Library/Application Support/MiKTeX/texmfs/install/tex/generic/pgf
/modules/pgfmoduleshapes.code.tex
File: pgfmoduleshapes.code.tex 2023-01-15 v3.1.10 (3.1.10)
\pgfnodeparttextbox=\box57
)
(/Users/Alain/Library/Application Support/MiKTeX/texmfs/install/tex/generic/pgf
/modules/pgfmoduleplot.code.tex
File: pgfmoduleplot.code.tex 2023-01-15 v3.1.10 (3.1.10)
)
(/Users/Alain/Library/Application Support/MiKTeX/texmfs/install/tex/latex/pgf/c
ompatibility/pgfcomp-version-0-65.sty
Package: pgfcomp-version-0-65 2023-01-15 v3.1.10 (3.1.10)
\pgf@nodesepstart=\dimen180
\pgf@nodesepend=\dimen181
)
(/Users/Alain/Library/Application Support/MiKTeX/texmfs/install/tex/latex/pgf/c
ompatibility/pgfcomp-version-1-18.sty
Package: pgfcomp-version-1-18 2023-01-15 v3.1.10 (3.1.10)
))
(/Users/Alain/Library/Application Support/MiKTeX/texmfs/install/tex/latex/pgf/u
tilities/pgffor.sty
(/Users/Alain/Library/Application Support/MiKTeX/texmfs/install/tex/latex/pgf/u
tilities/pgfkeys.sty
(/Users/Alain/Library/Application Support/MiKTeX/texmfs/install/tex/generic/pgf
/utilities/pgfkeys.code.tex))
(/Users/Alain/Library/Application Support/MiKTeX/texmfs/install/tex/latex/pgf/m
ath/pgfmath.sty
(/Users/Alain/Library/Application Support/MiKTeX/texmfs/install/tex/generic/pgf
/math/pgfmath.code.tex))
(/Users/Alain/Library/Application Support/MiKTeX/texmfs/install/tex/generic/pgf
/utilities/pgffor.code.tex
Package: pgffor 2023-01-15 v3.1.10 (3.1.10)
\pgffor@iter=\dimen182
\pgffor@skip=\dimen183
\pgffor@stack=\toks29
\pgffor@toks=\toks30
))
(/Users/Alain/Library/Application Support/MiKTeX/texmfs/install/tex/generic/pgf
/frontendlayer/tikz/tikz.code.tex
Package: tikz 2023-01-15 v3.1.10 (3.1.10)

(/Users/Alain/Library/Application Support/MiKTeX/texmfs/install/tex/generic/pgf
/libraries/pgflibraryplothandlers.code.tex
File: pgflibraryplothandlers.code.tex 2023-01-15 v3.1.10 (3.1.10)
\pgf@plot@mark@count=\count272
\pgfplotmarksize=\dimen184
)
\tikz@lastx=\dimen185
\tikz@lasty=\dimen186
\tikz@lastxsaved=\dimen187
\tikz@lastysaved=\dimen188
\tikz@lastmovetox=\dimen189
\tikz@lastmovetoy=\dimen190
\tikzleveldistance=\dimen191
\tikzsiblingdistance=\dimen192
\tikz@figbox=\box58
\tikz@figbox@bg=\box59
\tikz@tempbox=\box60
\tikz@tempbox@bg=\box61
\tikztreelevel=\count273
\tikznumberofchildren=\count274
\tikznumberofcurrentchild=\count275
\tikz@fig@count=\count276

(/Users/Alain/Library/Application Support/MiKTeX/texmfs/install/tex/generic/pgf
/modules/pgfmodulematrix.code.tex
File: pgfmodulematrix.code.tex 2023-01-15 v3.1.10 (3.1.10)
\pgfmatrixcurrentrow=\count277
\pgfmatrixcurrentcolumn=\count278
\pgf@matrix@numberofcolumns=\count279
)
\tikz@expandcount=\count280

(/Users/Alain/Library/Application Support/MiKTeX/texmfs/install/tex/generic/pgf
/frontendlayer/tikz/libraries/tikzlibrarytopaths.code.tex
File: tikzlibrarytopaths.code.tex 2023-01-15 v3.1.10 (3.1.10)
)))
(/Users/Alain/Library/Application Support/MiKTeX/texmfs/install/tex/latex/amsma
th/amsmath.sty
Package: amsmath 2022/04/08 v2.17n AMS math features
\@mathmargin=\skip50

For additional information on amsmath, use the `?' option.

(/Users/Alain/Library/Application Support/MiKTeX/texmfs/install/tex/latex/amsma
th/amstext.sty
Package: amstext 2021/08/26 v2.01 AMS text

(/Users/Alain/Library/Application Support/MiKTeX/texmfs/install/tex/latex/amsma
th/amsgen.sty
File: amsgen.sty 1999/11/30 v2.0 generic functions
\@emptytoks=\toks31
\ex@=\dimen193
))
(/Users/Alain/Library/Application Support/MiKTeX/texmfs/install/tex/latex/amsma
th/amsbsy.sty
Package: amsbsy 1999/11/29 v1.2d Bold Symbols
\pmbraise@=\dimen194
)
(/Users/Alain/Library/Application Support/MiKTeX/texmfs/install/tex/latex/amsma
th/amsopn.sty
Package: amsopn 2022/04/08 v2.04 operator names
)
\inf@bad=\count281
LaTeX Info: Redefining \frac on input line 234.
\uproot@=\count282
\leftroot@=\count283
LaTeX Info: Redefining \overline on input line 399.
LaTeX Info: Redefining \colon on input line 410.
\classnum@=\count284
\DOTSCASE@=\count285
LaTeX Info: Redefining \ldots on input line 496.
LaTeX Info: Redefining \dots on input line 499.
LaTeX Info: Redefining \cdots on input line 620.
\Mathstrutbox@=\box62
\strutbox@=\box63
LaTeX Info: Redefining \big on input line 722.
LaTeX Info: Redefining \Big on input line 723.
LaTeX Info: Redefining \bigg on input line 724.
LaTeX Info: Redefining \Bigg on input line 725.
\big@size=\dimen195
LaTeX Font Info:    Redeclaring font encoding OML on input line 743.
LaTeX Font Info:    Redeclaring font encoding OMS on input line 744.
\macc@depth=\count286
LaTeX Info: Redefining \bmod on input line 905.
LaTeX Info: Redefining \pmod on input line 910.
LaTeX Info: Redefining \smash on input line 940.
LaTeX Info: Redefining \relbar on input line 970.
LaTeX Info: Redefining \Relbar on input line 971.
\c@MaxMatrixCols=\count287
\dotsspace@=\muskip16
\c@parentequation=\count288
\dspbrk@lvl=\count289
\tag@help=\toks32
\row@=\count290
\column@=\count291
\maxfields@=\count292
\andhelp@=\toks33
\eqnshift@=\dimen196
\alignsep@=\dimen197
\tagshift@=\dimen198
\tagwidth@=\dimen199
\totwidth@=\dimen256
\lineht@=\dimen257
\@envbody=\toks34
\multlinegap=\skip51
\multlinetaggap=\skip52
\mathdisplay@stack=\toks35
LaTeX Info: Redefining \[ on input line 2953.
LaTeX Info: Redefining \] on input line 2954.
)
(/Users/Alain/Library/Application Support/MiKTeX/texmfs/install/tex/latex/listi
ngs/listings.sty
\lst@mode=\count293
\lst@gtempboxa=\box64
\lst@token=\toks36
\lst@length=\count294
\lst@currlwidth=\dimen258
\lst@column=\count295
\lst@pos=\count296
\lst@lostspace=\dimen259
\lst@width=\dimen260
\lst@newlines=\count297
\lst@lineno=\count298
\lst@maxwidth=\dimen261

(/Users/Alain/Library/Application Support/MiKTeX/texmfs/install/tex/latex/listi
ngs/lstmisc.sty
File: lstmisc.sty 2023/02/27 1.9 (Carsten Heinz)
\c@lstnumber=\count299
\lst@skipnumbers=\count300
\lst@framebox=\box65
)
(/Users/Alain/Library/Application Support/MiKTeX/texmfs/install/tex/latex/listi
ngs/listings.cfg
File: listings.cfg 2023/02/27 1.9 listings configuration
))
Package: listings 2023/02/27 1.9 (Carsten Heinz)

(/Users/Alain/Library/Application Support/MiKTeX/texmfs/install/tex/latex/algor
ithms/algorithm.sty
Package: algorithm 2009/08/24 v0.1 Document Style `algorithm' - floating enviro
nment

(/Users/Alain/Library/Application Support/MiKTeX/texmfs/install/tex/latex/float
/float.sty
Package: float 2001/11/08 v1.3d Float enhancements (AL)
\c@float@type=\count301
\float@exts=\toks37
\float@box=\box66
\@float@everytoks=\toks38
\@floatcapt=\box67
)
(/Users/Alain/Library/Application Support/MiKTeX/texmfs/install/tex/latex/base/
ifthen.sty
Package: ifthen 2022/04/13 v1.1d Standard LaTeX ifthen package (DPC)
)
\@float@every@algorithm=\toks39
\c@algorithm=\count302
)
(/Users/Alain/Library/Application Support/MiKTeX/texmfs/install/tex/latex/algor
ithmicx/algpseudocode.sty
Package: algpseudocode 

(/Users/Alain/Library/Application Support/MiKTeX/texmfs/install/tex/latex/algor
ithmicx/algorithmicx.sty
Package: algorithmicx 2005/04/27 v1.2 Algorithmicx

Document Style algorithmicx 1.2 - a greatly improved `algorithmic' style
\c@ALG@line=\count303
\c@ALG@rem=\count304
\c@ALG@nested=\count305
\ALG@tlm=\skip53
\ALG@thistlm=\skip54
\c@ALG@Lnr=\count306
\c@ALG@blocknr=\count307
\c@ALG@storecount=\count308
\c@ALG@tmpcounter=\count309
\ALG@tmplength=\skip55
)
Document Style - pseudocode environments for use with the `algorithmicx' style
)
(/Users/Alain/Library/Application Support/MiKTeX/texmfs/install/tex/latex/enumi
tem/enumitem.sty
Package: enumitem 2019/06/20 v3.9 Customized lists
\labelindent=\skip56
\enit@outerparindent=\dimen262
\enit@toks=\toks40
\enit@inbox=\box68
\enit@count@id=\count310
\enitdp@description=\count311
)
(/Users/Alain/Library/Application Support/MiKTeX/texmfs/install/tex/latex/hyper
ref/hyperref.sty
Package: hyperref 2023-02-07 v7.00v Hypertext links for LaTeX

(/Users/Alain/Library/Application Support/MiKTeX/texmfs/install/tex/generic/ltx
cmds/ltxcmds.sty
Package: ltxcmds 2020-05-10 v1.25 LaTeX kernel commands for general use (HO)
)
(/Users/Alain/Library/Application Support/MiKTeX/texmfs/install/tex/generic/ift
ex/iftex.sty
Package: iftex 2022/02/03 v1.0f TeX engine tests
)
(/Users/Alain/Library/Application Support/MiKTeX/texmfs/install/tex/generic/pdf
texcmds/pdftexcmds.sty
Package: pdftexcmds 2020-06-27 v0.33 Utility functions of pdfTeX for LuaTeX (HO
)

(/Users/Alain/Library/Application Support/MiKTeX/texmfs/install/tex/generic/inf
warerr/infwarerr.sty
Package: infwarerr 2019/12/03 v1.5 Providing info/warning/error messages (HO)
)
Package pdftexcmds Info: \pdf@primitive is available.
Package pdftexcmds Info: \pdf@ifprimitive is available.
Package pdftexcmds Info: \pdfdraftmode found.
)
(/Users/Alain/Library/Application Support/MiKTeX/texmfs/install/tex/latex/kvset
keys/kvsetkeys.sty
Package: kvsetkeys 2022-10-05 v1.19 Key value parser (HO)
)
(/Users/Alain/Library/Application Support/MiKTeX/texmfs/install/tex/generic/kvd
efinekeys/kvdefinekeys.sty
Package: kvdefinekeys 2019-12-19 v1.6 Define keys (HO)
)
(/Users/Alain/Library/Application Support/MiKTeX/texmfs/install/tex/generic/pdf
escape/pdfescape.sty
Package: pdfescape 2019/12/09 v1.15 Implements pdfTeX's escape features (HO)
)
(/Users/Alain/Library/Application Support/MiKTeX/texmfs/install/tex/latex/hycol
or/hycolor.sty
Package: hycolor 2020-01-27 v1.10 Color options for hyperref/bookmark (HO)
)
(/Users/Alain/Library/Application Support/MiKTeX/texmfs/install/tex/latex/letlt
xmacro/letltxmacro.sty
Package: letltxmacro 2019/12/03 v1.6 Let assignment for LaTeX macros (HO)
)
(/Users/Alain/Library/Application Support/MiKTeX/texmfs/install/tex/latex/auxho
ok/auxhook.sty
Package: auxhook 2019-12-17 v1.6 Hooks for auxiliary files (HO)
)
(/Users/Alain/Library/Application Support/MiKTeX/texmfs/install/tex/latex/hyper
ref/nameref.sty
Package: nameref 2022-05-17 v2.50 Cross-referencing by name of section

(/Users/Alain/Library/Application Support/MiKTeX/texmfs/install/tex/latex/refco
unt/refcount.sty
Package: refcount 2019/12/15 v3.6 Data extraction from label references (HO)
)
(/Users/Alain/Library/Application Support/MiKTeX/texmfs/install/tex/generic/get
titlestring/gettitlestring.sty
Package: gettitlestring 2019/12/15 v1.6 Cleanup title references (HO)

(/Users/Alain/Library/Application Support/MiKTeX/texmfs/install/tex/latex/kvopt
ions/kvoptions.sty
Package: kvoptions 2022-06-15 v3.15 Key value format for package options (HO)
))
\c@section@level=\count312
)
\@linkdim=\dimen263
\Hy@linkcounter=\count313
\Hy@pagecounter=\count314

(/Users/Alain/Library/Application Support/MiKTeX/texmfs/install/tex/latex/hyper
ref/pd1enc.def
File: pd1enc.def 2023-02-07 v7.00v Hyperref: PDFDocEncoding definition (HO)
Now handling font encoding PD1 ...
... no UTF-8 mapping file for font encoding PD1
)
(/Users/Alain/Library/Application Support/MiKTeX/texmfs/install/tex/generic/int
calc/intcalc.sty
Package: intcalc 2019/12/15 v1.3 Expandable calculations with integers (HO)
)
(/Users/Alain/Library/Application Support/MiKTeX/texmfs/install/tex/generic/ete
xcmds/etexcmds.sty
Package: etexcmds 2019/12/15 v1.7 Avoid name clashes with e-TeX commands (HO)
)
\Hy@SavedSpaceFactor=\count315

(/Users/Alain/Library/Application Support/MiKTeX/texmfs/install/tex/latex/hyper
ref/puenc.def
File: puenc.def 2023-02-07 v7.00v Hyperref: PDF Unicode definition (HO)
Now handling font encoding PU ...
... no UTF-8 mapping file for font encoding PU
)
Package hyperref Info: Hyper figures OFF on input line 4177.
Package hyperref Info: Link nesting OFF on input line 4182.
Package hyperref Info: Hyper index ON on input line 4185.
Package hyperref Info: Plain pages OFF on input line 4192.
Package hyperref Info: Backreferencing OFF on input line 4197.
Package hyperref Info: Implicit mode ON; LaTeX internals redefined.
Package hyperref Info: Bookmarks ON on input line 4425.
\c@Hy@tempcnt=\count316

(/Users/Alain/Library/Application Support/MiKTeX/texmfs/install/tex/latex/url/u
rl.sty
\Urlmuskip=\muskip17
Package: url 2013/09/16  ver 3.4  Verb mode for urls, etc.
)
LaTeX Info: Redefining \url on input line 4763.
\XeTeXLinkMargin=\dimen264

(/Users/Alain/Library/Application Support/MiKTeX/texmfs/install/tex/generic/bit
set/bitset.sty
Package: bitset 2019/12/09 v1.3 Handle bit-vector datatype (HO)

(/Users/Alain/Library/Application Support/MiKTeX/texmfs/install/tex/generic/big
intcalc/bigintcalc.sty
Package: bigintcalc 2019/12/15 v1.5 Expandable calculations on big integers (HO
)
))
\Fld@menulength=\count317
\Field@Width=\dimen265
\Fld@charsize=\dimen266
Package hyperref Info: Hyper figures OFF on input line 6042.
Package hyperref Info: Link nesting OFF on input line 6047.
Package hyperref Info: Hyper index ON on input line 6050.
Package hyperref Info: backreferencing OFF on input line 6057.
Package hyperref Info: Link coloring OFF on input line 6062.
Package hyperref Info: Link coloring with OCG OFF on input line 6067.
Package hyperref Info: PDF/A mode OFF on input line 6072.

(/Users/Alain/Library/Application Support/MiKTeX/texmfs/install/tex/latex/base/
atbegshi-ltx.sty
Package: atbegshi-ltx 2021/01/10 v1.0c Emulation of the original atbegshi
package with kernel methods
)
\Hy@abspage=\count318
\c@Item=\count319
\c@Hfootnote=\count320
)
Package hyperref Info: Driver (autodetected): hpdftex.

(/Users/Alain/Library/Application Support/MiKTeX/texmfs/install/tex/latex/hyper
ref/hpdftex.def
File: hpdftex.def 2023-02-07 v7.00v Hyperref driver for pdfTeX

(/Users/Alain/Library/Application Support/MiKTeX/texmfs/install/tex/latex/base/
atveryend-ltx.sty
Package: atveryend-ltx 2020/08/19 v1.0a Emulation of the original atveryend pac
kage
with kernel methods
)
\Fld@listcount=\count321
\c@bookmark@seq@number=\count322

(/Users/Alain/Library/Application Support/MiKTeX/texmfs/install/tex/latex/rerun
filecheck/rerunfilecheck.sty
Package: rerunfilecheck 2022-07-10 v1.10 Rerun checks for auxiliary files (HO)

(/Users/Alain/Library/Application Support/MiKTeX/texmfs/install/tex/generic/uni
quecounter/uniquecounter.sty
Package: uniquecounter 2019/12/15 v1.4 Provide unlimited unique counter (HO)
)
Package uniquecounter Info: New unique counter `rerunfilecheck' on input line 2
85.
)
\Hy@SectionHShift=\skip57
)
Package hyperref Info: Option `colorlinks' set `true' on input line 25.

(/Users/Alain/Library/Application Support/MiKTeX/texmfs/install/tex/latex/geome
try/geometry.sty
Package: geometry 2020/01/02 v5.9 Page Geometry

(/Users/Alain/Library/Application Support/MiKTeX/texmfs/install/tex/generic/ift
ex/ifvtex.sty
Package: ifvtex 2019/10/25 v1.7 ifvtex legacy package. Use iftex instead.
)
\Gm@cnth=\count323
\Gm@cntv=\count324
\c@Gm@tempcnt=\count325
\Gm@bindingoffset=\dimen267
\Gm@wd@mp=\dimen268
\Gm@odd@mp=\dimen269
\Gm@even@mp=\dimen270
\Gm@layoutwidth=\dimen271
\Gm@layoutheight=\dimen272
\Gm@layouthoffset=\dimen273
\Gm@layoutvoffset=\dimen274
\Gm@dimlist=\toks41

(/Users/Alain/Library/Application Support/MiKTeX/texmfs/install/tex/latex/geome
try/geometry.cfg))
(/Users/Alain/Library/Application Support/MiKTeX/texmfs/install/tex/latex/parsk
ip/parskip.sty
Package: parskip 2021-03-14 v2.0h non-zero parskip adjustments

(/Users/Alain/Library/Application Support/MiKTeX/texmfs/install/tex/latex/etool
box/etoolbox.sty
Package: etoolbox 2020/10/05 v2.5k e-TeX tools for LaTeX (JAW)
\etb@tempcnta=\count326
))
(/Users/Alain/Library/Application Support/MiKTeX/texmfs/install/tex/latex/fancy
hdr/fancyhdr.sty
Package: fancyhdr 2022/11/09 v4.1 Extensive control of page headers and footers

\f@nch@headwidth=\skip58
\f@nch@O@elh=\skip59
\f@nch@O@erh=\skip60
\f@nch@O@olh=\skip61
\f@nch@O@orh=\skip62
\f@nch@O@elf=\skip63
\f@nch@O@erf=\skip64
\f@nch@O@olf=\skip65
\f@nch@O@orf=\skip66
)
(/Users/Alain/Library/Application Support/MiKTeX/texmfs/install/tex/latex/title
sec/titlesec.sty
Package: titlesec 2021/07/05 v2.14 Sectioning titles
\ttl@box=\box69
\beforetitleunit=\skip67
\aftertitleunit=\skip68
\ttl@plus=\dimen275
\ttl@minus=\dimen276
\ttl@toksa=\toks42
\titlewidth=\dimen277
\titlewidthlast=\dimen278
\titlewidthfirst=\dimen279
)
(/Users/Alain/Library/Application Support/MiKTeX/texmfs/install/tex/latex/l3bac
kend/l3backend-pdftex.def
File: l3backend-pdftex.def 2023-03-30 L3 backend support: PDF output (pdfTeX)
\l__color_backend_stack_int=\count327
\l__pdf_internal_box=\box70
) (robustness_analysis_report.aux)
\openout1 = `robustness_analysis_report.aux'.

LaTeX Font Info:    Checking defaults for OML/cmm/m/it on input line 77.
LaTeX Font Info:    ... okay on input line 77.
LaTeX Font Info:    Checking defaults for OMS/cmsy/m/n on input line 77.
LaTeX Font Info:    ... okay on input line 77.
LaTeX Font Info:    Checking defaults for OT1/cmr/m/n on input line 77.
LaTeX Font Info:    ... okay on input line 77.
LaTeX Font Info:    Checking defaults for T1/cmr/m/n on input line 77.
LaTeX Font Info:    ... okay on input line 77.
LaTeX Font Info:    Checking defaults for TS1/cmr/m/n on input line 77.
LaTeX Font Info:    ... okay on input line 77.
LaTeX Font Info:    Checking defaults for OMX/cmex/m/n on input line 77.
LaTeX Font Info:    ... okay on input line 77.
LaTeX Font Info:    Checking defaults for U/cmr/m/n on input line 77.
LaTeX Font Info:    ... okay on input line 77.
LaTeX Font Info:    Checking defaults for PD1/pdf/m/n on input line 77.
LaTeX Font Info:    ... okay on input line 77.
LaTeX Font Info:    Checking defaults for PU/pdf/m/n on input line 77.
LaTeX Font Info:    ... okay on input line 77.

(/Users/Alain/Library/Application Support/MiKTeX/texmfs/install/tex/context/bas
e/mkii/supp-pdf.mkii
[Loading MPS to PDF converter (version 2006.09.02).]
\scratchcounter=\count328
\scratchdimen=\dimen280
\scratchbox=\box71
\nofMPsegments=\count329
\nofMParguments=\count330
\everyMPshowfont=\toks43
\MPscratchCnt=\count331
\MPscratchDim=\dimen281
\MPnumerator=\count332
\makeMPintoPDFobject=\count333
\everyMPtoPDFconversion=\toks44
)
(/Users/Alain/Library/Application Support/MiKTeX/texmfs/install/tex/latex/epsto
pdf-pkg/epstopdf-base.sty
Package: epstopdf-base 2020-01-24 v2.11 Base part for package epstopdf
Package epstopdf-base Info: Redefining graphics rule for `.eps' on input line 4
85.

(/Users/Alain/Library/Application Support/MiKTeX/texmfs/install/tex/latex/00mik
tex/epstopdf-sys.cfg
File: epstopdf-sys.cfg 2021/03/18 v2.0 Configuration of epstopdf for MiKTeX
))
(/Users/Alain/Library/Application Support/MiKTeX/texmfs/install/tex/latex/base/
textcomp.sty
Package: textcomp 2020/02/02 v2.0n Standard LaTeX package
)
\c@lstlisting=\count334
Package hyperref Info: Link coloring ON on input line 77.
 (robustness_analysis_report.out) (robustness_analysis_report.out)
\@outlinefile=\write4
\openout4 = `robustness_analysis_report.out'.

*geometry* driver: auto-detecting
*geometry* detected driver: pdftex
*geometry* verbose mode - [ preamble ] result:
* driver: pdftex
* paper: a4paper
* layout: <same size as paper>
* layoutoffset:(h,v)=(0.0pt,0.0pt)
* modes: 
* h-part:(L,W,R)=(108.405pt, 380.69788pt, 108.405pt)
* v-part:(T,H,B)=(108.405pt, 628.23685pt, 108.405pt)
* \paperwidth=597.50787pt
* \paperheight=845.04684pt
* \textwidth=380.69788pt
* \textheight=628.23685pt
* \oddsidemargin=36.13501pt
* \evensidemargin=36.13501pt
* \topmargin=-0.86499pt
* \headheight=12.0pt
* \headsep=25.0pt
* \topskip=12.0pt
* \footskip=30.0pt
* \marginparwidth=35.0pt
* \marginparsep=10.0pt
* \columnsep=10.0pt
* \skip\footins=10.8pt plus 4.0pt minus 2.0pt
* \hoffset=0.0pt
* \voffset=0.0pt
* \mag=1000
* \@twocolumnfalse
* \@twosidefalse
* \@mparswitchfalse
* \@reversemarginfalse
* (1in=72.27pt=25.4mm, 1cm=28.453pt)

<wsl_logo.jpeg, id=66, 1204.5pt x 1204.5pt>
File: wsl_logo.jpeg Graphic file (type jpg)
<use wsl_logo.jpeg>
Package pdftex.def Info: wsl_logo.jpeg  used on input line 83.
(pdftex.def)             Requested size: 57.10236pt x 57.08568pt.
[1

{/Users/Alain/Library/Application Support/MiKTeX/texmfs/data/fonts/map/pdftex/p
dftex.map} <./wsl_logo.jpeg>] (robustness_analysis_report.toc)
\tf@toc=\write5
\openout5 = `robustness_analysis_report.toc'.


pdfTeX warning (ext4): destination with the same identifier (name{page.1}) has 
been already used, duplicate ignored
<to be read again> 
                   \relax 
l.98 \newpage
              [1

]
Chapter 1.
Package hyperref Info: bookmark level for unknown algorithm defaults to 0 on in
put line 111.
[2

]

Package fancyhdr Warning: \headheight is too small (12.0pt): 
(fancyhdr)                Make it at least 14.49998pt, for example:
(fancyhdr)                \setlength{\headheight}{14.49998pt}.
(fancyhdr)                You might also make \topmargin smaller to compensate:

(fancyhdr)                \addtolength{\topmargin}{-2.49998pt}.

[3]

Package fancyhdr Warning: \headheight is too small (12.0pt): 
(fancyhdr)                Make it at least 14.49998pt, for example:
(fancyhdr)                \setlength{\headheight}{14.49998pt}.
(fancyhdr)                You might also make \topmargin smaller to compensate:

(fancyhdr)                \addtolength{\topmargin}{-2.49998pt}.

[4]

Package fancyhdr Warning: \headheight is too small (12.0pt): 
(fancyhdr)                Make it at least 14.49998pt, for example:
(fancyhdr)                \setlength{\headheight}{14.49998pt}.
(fancyhdr)                You might also make \topmargin smaller to compensate:

(fancyhdr)                \addtolength{\topmargin}{-2.49998pt}.

[5]
Chapter 2.

Underfull \hbox (badness 10000) in paragraph at lines 279--280
[]\OT1/cmr/m/n/10.95 Dataset "species[]for[]randomized[]link[]assignment", Data
set
 []

[6

]

Package fancyhdr Warning: \headheight is too small (12.0pt): 
(fancyhdr)                Make it at least 14.49998pt, for example:
(fancyhdr)                \setlength{\headheight}{14.49998pt}.
(fancyhdr)                You might also make \topmargin smaller to compensate:

(fancyhdr)                \addtolength{\topmargin}{-2.49998pt}.

[7]
Chapter 3.
[8

] (robustness_analysis_report.aux)
Package rerunfilecheck Info: File `robustness_analysis_report.out' has not chan
ged.
(rerunfilecheck)             Checksum: 7B0E966B4CF47F1F53121DE0D79B4709;2384.
 ) 
Here is how much of TeX's memory you used:
 23156 strings out of 476331
 434626 string characters out of 5779300
 1865666 words of memory out of 5000000
 43182 multiletter control sequences out of 15000+600000
 519953 words of font info for 58 fonts, out of 8000000 for 9000
 1141 hyphenation exceptions out of 8191
 102i,12n,104p,1301b,537s stack positions out of 10000i,1000n,20000p,200000b,200000s
 </Users/Alain/Library/Application Support/MiKTeX/texmfs/data/fonts/pk/ljfour
/jknappen/ec/dpi600/tcrm1200.pk></Users/Alain/Library/Application Support/MiKTe
X/texmfs/install/fonts/type1/public/amsfonts/cm/cmbx10.pfb></Users/Alain/Librar
y/Application Support/MiKTeX/texmfs/install/fonts/type1/public/amsfonts/cm/cmbx
12.pfb></Users/Alain/Library/Application Support/MiKTeX/texmfs/install/fonts/ty
pe1/public/amsfonts/cm/cmmi10.pfb></Users/Alain/Library/Application Support/MiK
TeX/texmfs/install/fonts/type1/public/amsfonts/cm/cmmi12.pfb></Users/Alain/Libr
ary/Application Support/MiKTeX/texmfs/install/fonts/type1/public/amsfonts/cm/cm
r10.pfb></Users/Alain/Library/Application Support/MiKTeX/texmfs/install/fonts/t
ype1/public/amsfonts/cm/cmr12.pfb></Users/Alain/Library/Application Support/MiK
TeX/texmfs/install/fonts/type1/public/amsfonts/cm/cmsy10.pfb></Users/Alain/Libr
ary/Application Support/MiKTeX/texmfs/install/fonts/type1/public/amsfonts/cm/cm
ti12.pfb>
Output written on robustness_analysis_report.pdf (9 pages, 244771 bytes).
PDF statistics:
 186 PDF objects out of 1000 (max. 8388607)
 35 named destinations out of 1000 (max. 500000)
 138 words of extra memory for PDF output out of 10000 (max. 10000000)

